<?xml version="1.0" encoding="UTF-8"?>
<!-- Generated by org.testng.reporters.JUnitReportReporter -->
<testsuite skipped="0" hostname="Mahesh-PC" name="suite1.TestCase1" tests="1" failures="0" timestamp="2020-03-15T17:41:37 IST" time="15.539" errors="0">
  <testcase name="TestCase11" time="15.539" classname="suite1.TestCase1"/>
</testsuite> <!-- suite1.TestCase1 -->
