<?xml version="1.0" encoding="UTF-8"?>
<!-- Generated by org.testng.reporters.JUnitReportReporter -->
<testsuite skipped="0" hostname="Mahesh-PC" name="suite2.TestCase2" tests="1" failures="0" timestamp="2020-03-17T19:54:36 IST" time="9.524" errors="0">
  <testcase name="verificationOftestingWorld" time="9.524" classname="suite2.TestCase2"/>
</testsuite> <!-- suite2.TestCase2 -->
